<?xml version="1.0" encoding="UTF-8"?>
<testsuite xmlns:xsi="http://www.w3.org/2001/XMLSchema-instance" xsi:noNamespaceSchemaLocation="https://maven.apache.org/surefire/maven-surefire-plugin/xsd/surefire-test-report-3.0.xsd" version="3.0" name="MealTest" time="0.435" tests="45" errors="0" skipped="0" failures="0">
  <properties>
[...]
</properties>
  <testcase name="testCuttingPlanOverweight" classname="RecommendationServiceTest" time="0.272"/>
  <testcase name="testCuttingPlanNormalWeight" classname="RecommendationServiceTest" time="0.13"/>
  <testcase name="testShowRecommendationsMaintenance" classname="RecommendationServiceTest" time="0.272"/>
  <testcase name="testBulkingPlanNormalWeight" classname="RecommendationServiceTest" time="0.002"/>
  <testcase name="testShowRecommendationsCaseInsensitive" classname="RecommendationServiceTest" time="0.003"/>
  <testcase name="testShowRecommendationsCutting" classname="RecommendationServiceTest" time="0.021"/>
  <testcase name="testShowRecommendationsBulking" classname="RecommendationServiceTest" time="0.004"/>
  <testcase name="testCuttingWorkoutsAdded" classname="RecommendationServiceTest" time="0.025"/>
  <testcase name="testMaintenanceMealRecommendations" classname="RecommendationServiceTest" time="0.002"/>
  <testcase name="testShowRecommendationsInvalidGoal" classname="RecommendationServiceTest" time="0.007"/>
  <testcase name="testBulkingWorkoutsAdded" classname="RecommendationServiceTest" time="0.009"/>
  <testcase name="testMaintenanceWorkoutsAdded" classname="RecommendationServiceTest" time="0.016"/>
  <testcase name="testMealZeroCalories" classname="MealTest" time="0.27"/>
  <testcase name="testMealCreation" classname="MealTest" time="0.27"/>
  <testcase name="testMealDifferentFoodNames" classname="MealTest" time="0.001"/>
  <testcase name="testHighProteinVegetarian" classname="MealTest" time="0.273"/>
  <testcase name="testMealProteinCalorieRatio" classname="MealTest" time="0.001"/>
  <testcase name="testMealLargeValues" classname="MealTest" time="0.016"/>
  <testcase name="testMealDecimalPrecision" classname="MealTest" time="0.263"/>
  <testcase name="testMealZeroProtein" classname="MealTest" time="0.022"/>
  <testcase name="testWorkoutDifferentExercises" classname="WorkoutTest" time="0.271"/>
  <testcase name="testWorkoutHighRepsLowWeight" classname="WorkoutTest" time="0.27"/>
  <testcase name="testWorkoutRealisticValues" classname="WorkoutTest" time="0.27"/>
  <testcase name="testWorkoutHeavyWeight" classname="WorkoutTest" time="0.274"/>
  <testcase name="testPlankExercise" classname="WorkoutTest" time="0.002"/>
  <testcase name="testWorkoutVariousSetsReps" classname="WorkoutTest" time="0.024"/>
  <testcase name="testWorkoutDecimalWeightPrecision" classname="WorkoutTest" time="0.004"/>
  <testcase name="testCyclingExercise" classname="WorkoutTest" time="0.001"/>
  <testcase name="testWorkoutZeroWeight" classname="WorkoutTest" time="0.008"/>
  <testcase name="testWorkoutCreation" classname="WorkoutTest" time="0.016"/>
  <testcase name="testProteinGoalMaintenanceCaseInsensitive" classname="UserProfileTest" time="0.273"/>
  <testcase name="testProfileAttributesStorage" classname="UserProfileTest" time="0.002"/>
  <testcase name="testProteinGoalDifferentWeights" classname="UserProfileTest" time="0.009"/>
  <testcase name="testBMICalculationNormal" classname="UserProfileTest" time="0.01"/>
  <testcase name="testProteinGoalMaintenance" classname="UserProfileTest" time="0.001"/>
  <testcase name="testProteinConsistencyAcrossGoals" classname="UserProfileTest" time="0.001"/>
  <testcase name="testBMICalculationOverweight" classname="UserProfileTest" time="0.001"/>
  <testcase name="testBMICalculationUnderweight" classname="UserProfileTest" time="0.001"/>
  <testcase name="testVeryLightPerson" classname="UserProfileTest" time="0.001"/>
  <testcase name="testProteinGoalCutting" classname="UserProfileTest" time="0.005"/>
  <testcase name="testProteinGoalCuttingCaseInsensitive" classname="UserProfileTest" time="0.002"/>
  <testcase name="testVeryHeavyPerson" classname="UserProfileTest" time="0.002"/>
  <testcase name="testBMICalculationVariations" classname="UserProfileTest" time="0.014"/>
  <testcase name="testProteinGoalBulkingCaseInsensitive" classname="UserProfileTest" time="0.003"/>
  <testcase name="testProteinGoalBulking" classname="UserProfileTest" time="0.014"/>
</testsuite>